Logging to /home/heini/repos/UserScripts/building_scripts/build.log
error: unexpected argument '--languag' found

  tip: a similar argument exists: '--language'

Usage: bat --style <components> --paging <when> --color <when> --language <language> [FILE]...

For more information, try '--help'.
./build_repository_v4.sh: line 23: --theme-light=Dracula: command not found
Logging to /home/heini/repos/UserScripts/building_scripts/build.log
[0;33mChecking dependencies...[0m
[0;32mAll required dependencies are installed.[0m
Are you in the project directory you want to build? (y/n): Logging to /home/heini/repos/UserScripts/building_scripts/build.log
[38;2;131;148;150m────────────────────────────────────────────────────────────────────────────────[0m
[38;2;131;148;150m[0m[1mSTDIN[0m
[38;2;131;148;150m────────────────────────────────────────────────────────────────────────────────[0m
[38;2;248;248;242mUsage[0m[38;2;255;255;255m:[0m[38;2;248;248;242m [0m[38;2;230;219;116mbuild_repo[0m[38;2;248;248;242m [0m[38;2;248;248;242m[[0m[38;2;230;219;116moptions[0m[38;2;248;248;242m][0m

[38;2;230;219;116mOptions[0m[38;2;248;248;242m:[0m
[38;2;248;248;242m  [0m[38;2;249;38;114m-[0m[38;2;230;219;116mD[0m[38;2;248;248;242m,[0m[38;2;248;248;242m [0m[38;2;249;38;114m--[0m[38;2;230;219;116mdirectory[0m[38;2;248;248;242m       [0m[38;2;230;219;116mSpecify[0m[38;2;248;248;242m [0m[38;2;230;219;116mproject[0m[38;2;248;248;242m [0m[38;2;230;219;116mdirectory[0m[38;2;248;248;242m ([0m[38;2;230;219;116mdefault[0m[38;2;248;248;242m: [0m[38;2;230;219;116mcurrent[0m[38;2;248;248;242m [0m[38;2;230;219;116mdirectory[0m[38;2;248;248;242m).[0m
[38;2;248;248;242m  -j[0m[38;2;248;248;242m,[0m[38;2;248;248;242m [0m[38;2;166;226;46m--[0m[38;2;166;226;46mjobs[0m[38;2;248;248;242m            Specify the number of parallel jobs ([0m[38;2;248;248;242mdefault[0m[38;2;255;255;255m:[0m[38;2;248;248;242m [0m[38;2;102;217;239mall[0m[38;2;248;248;242m [0m[38;2;230;219;116mcores[0m[38;2;248;248;242m).[0m
[38;2;248;248;242m  -[0m[38;2;249;38;114ma[0m[38;2;248;248;242m,[0m[38;2;248;248;242m [0m[38;2;166;226;46m--[0m[38;2;166;226;46mauto[0m[38;2;248;248;242m            Use default answers for [0m[38;2;102;217;239mall[0m[38;2;248;248;242m prompts.[0m
[38;2;248;248;242m  -[0m[38;2;249;38;114mi[0m[38;2;248;248;242m,[0m[38;2;248;248;242m [0m[38;2;166;226;46m--[0m[38;2;166;226;46minstall[0m[38;2;248;248;242m         Automatically install after building.[0m
[38;2;248;248;242m  [0m[38;2;166;226;46m--[0m[38;2;166;226;46mno-path[0m[38;2;248;248;242m             Skip appending the build[0m[38;2;248;248;242m [0m[38;2;249;38;114mpath[0m[38;2;248;248;242m [0m[38;2;249;38;114mto[0m[38;2;248;248;242m [0m[38;2;166;226;46m.[0m[38;2;166;226;46mzshrc[0m[38;2;248;248;242m.[0m
[38;2;248;248;242m  -h[0m[38;2;248;248;242m,[0m[38;2;248;248;242m [0m[38;2;166;226;46m--[0m[38;2;166;226;46mhelp[0m[38;2;248;248;242m            Display this help and exit.[0m

[38;2;248;248;242mExamples:[0m
[38;2;248;248;242m  build_repo[0m
[38;2;248;248;242m  build_repo -D /[0m[38;2;249;38;114mpath[0m[38;2;248;248;242m/[0m[38;2;249;38;114mto[0m[38;2;248;248;242m/project[0m
[38;2;248;248;242m  build_repo -[0m[38;2;249;38;114ma[0m[38;2;248;248;242m -[0m[38;2;249;38;114mi[0m
[38;2;248;248;242m  build_repo -j [0m[38;2;190;132;255m4[0m[38;2;248;248;242m [0m[38;2;166;226;46m--[0m[38;2;166;226;46mno-path[0m

[38;2;248;248;242mLogs are written [0m[38;2;249;38;114mto[0m[38;2;248;248;242m build[0m[38;2;166;226;46m.[0m[38;2;166;226;46mlog[0m[38;2;248;248;242m [0m[38;2;248;248;242min the current directory.[0m
[38;2;131;148;150m────────────────────────────────────────────────────────────────────────────────[0m
